[debug] [2022-12-05T18:52:12.536Z] ----------------------------------------------------------------------
[debug] [2022-12-05T18:52:12.538Z] Command:       C:\Program Files\nodejs\node.exe C:\Users\Yasindu\AppData\Roaming\npm\node_modules\firebase-tools\lib\bin\firebase.js init
[debug] [2022-12-05T18:52:12.538Z] CLI Version:   11.16.1
[debug] [2022-12-05T18:52:12.538Z] Platform:      win32
[debug] [2022-12-05T18:52:12.538Z] Node Version:  v18.7.0
[debug] [2022-12-05T18:52:12.539Z] Time:          Tue Dec 06 2022 00:22:12 GMT+0530 (India Standard Time)
[debug] [2022-12-05T18:52:12.539Z] ----------------------------------------------------------------------
[debug] 
[debug] [2022-12-05T18:52:12.544Z] > command requires scopes: ["email","openid","https://www.googleapis.com/auth/cloudplatformprojects.readonly","https://www.googleapis.com/auth/firebase","https://www.googleapis.com/auth/cloud-platform"]
[debug] [2022-12-05T18:52:12.544Z] > authorizing via signed-in user (yasindunethmina1938096@gmail.com)
[info] 
     ######## #### ########  ######## ########     ###     ######  ########
     ##        ##  ##     ## ##       ##     ##  ##   ##  ##       ##
     ######    ##  ########  ######   ########  #########  ######  ######
     ##        ##  ##    ##  ##       ##     ## ##     ##       ## ##
     ##       #### ##     ## ######## ########  ##     ##  ######  ########

You're about to initialize a Firebase project in this directory:

  G:\MyWork\portfolio-app

[info] 
=== Project Setup
[info] 
[info] First, let's associate this project directory with a Firebase project.
[info] You can create multiple project aliases by running firebase use --add, 
[info] but for now we'll just set up a default project.
[info] 
[info] i  If you want to create a project in a Google Cloud organization or folder, please use "firebase projects:create" instead, and return to this command when you've created the project. 
[debug] [2022-12-05T18:52:23.878Z] ----------------------------------------------------------------------
[debug] [2022-12-05T18:52:23.880Z] Command:       C:\Program Files\nodejs\node.exe C:\Users\Yasindu\AppData\Roaming\npm\node_modules\firebase-tools\lib\bin\firebase.js init
[debug] [2022-12-05T18:52:23.880Z] CLI Version:   11.16.1
[debug] [2022-12-05T18:52:23.880Z] Platform:      win32
[debug] [2022-12-05T18:52:23.880Z] Node Version:  v18.7.0
[debug] [2022-12-05T18:52:23.881Z] Time:          Tue Dec 06 2022 00:22:23 GMT+0530 (India Standard Time)
[debug] [2022-12-05T18:52:23.881Z] ----------------------------------------------------------------------
[debug] 
[debug] [2022-12-05T18:52:23.886Z] > command requires scopes: ["email","openid","https://www.googleapis.com/auth/cloudplatformprojects.readonly","https://www.googleapis.com/auth/firebase","https://www.googleapis.com/auth/cloud-platform"]
[debug] [2022-12-05T18:52:23.886Z] > authorizing via signed-in user (yasindunethmina1938096@gmail.com)
[info] 
     ######## #### ########  ######## ########     ###     ######  ########
     ##        ##  ##     ## ##       ##     ##  ##   ##  ##       ##
     ######    ##  ########  ######   ########  #########  ######  ######
     ##        ##  ##    ##  ##       ##     ## ##     ##       ## ##
     ##       #### ##     ## ######## ########  ##     ##  ######  ########

You're about to initialize a Firebase project in this directory:

  G:\MyWork\portfolio-app

[info] 
=== Project Setup
[info] 
[info] First, let's associate this project directory with a Firebase project.
[info] You can create multiple project aliases by running firebase use --add, 
[info] but for now we'll just set up a default project.
[info] 
[debug] [2022-12-05T18:52:32.530Z] >>> [apiv2][query] GET https://firebase.googleapis.com/v1beta1/projects pageSize=100
[debug] [2022-12-05T18:52:33.241Z] <<< [apiv2][status] GET https://firebase.googleapis.com/v1beta1/projects 200
[debug] [2022-12-05T18:52:33.241Z] <<< [apiv2][body] GET https://firebase.googleapis.com/v1beta1/projects [omitted]
